{"C:\\Users\\ABHI SHARMA\\OneDrive\\Desktop\\projects\\Smart-Stadiums-Tournament\\src\\components\\ErrorBoundary.jsx": {"path":"C:\\Users\\ABHI SHARMA\\OneDrive\\Desktop\\projects\\Smart-Stadiums-Tournament\\src\\components\\ErrorBoundary.jsx","statementMap":{"0":{"start":{"line":18,"column":2},"end":{"line":21,"column":null}},"1":{"start":{"line":6,"column":4},"end":{"line":6,"column":null}},"2":{"start":{"line":7,"column":4},"end":{"line":7,"column":null}},"3":{"start":{"line":11,"column":4},"end":{"line":11,"column":null}},"4":{"start":{"line":15,"column":4},"end":{"line":15,"column":null}},"5":{"start":{"line":19,"column":4},"end":{"line":19,"column":null}},"6":{"start":{"line":20,"column":4},"end":{"line":20,"column":null}},"7":{"start":{"line":24,"column":4},"end":{"line":70,"column":null}},"8":{"start":{"line":25,"column":6},"end":{"line":68,"column":null}},"9":{"start":{"line":72,"column":4},"end":{"line":72,"column":null}}},"fnMap":{"0":{"name":"constructor","decl":{"start":{"line":5,"column":2},"end":{"line":5,"column":14}},"loc":{"start":{"line":5,"column":21},"end":{"line":8,"column":null}},"line":5},"1":{"name":"getDerivedStateFromError","decl":{"start":{"line":10,"column":9},"end":{"line":10,"column":34}},"loc":{"start":{"line":10,"column":41},"end":{"line":12,"column":null}},"line":10},"2":{"name":"componentDidCatch","decl":{"start":{"line":14,"column":2},"end":{"line":14,"column":20}},"loc":{"start":{"line":14,"column":38},"end":{"line":16,"column":null}},"line":14},"3":{"name":"(anonymous_3)","decl":{"start":{"line":18,"column":2},"end":{"line":18,"column":22}},"loc":{"start":{"line":18,"column":22},"end":{"line":21,"column":null}},"line":18},"4":{"name":"render","decl":{"start":{"line":23,"column":2},"end":{"line":23,"column":11}},"loc":{"start":{"line":23,"column":11},"end":{"line":73,"column":null}},"line":23}},"branchMap":{"0":{"loc":{"start":{"line":24,"column":4},"end":{"line":70,"column":null}},"type":"if","locations":[{"start":{"line":24,"column":4},"end":{"line":70,"column":null}},{"start":{},"end":{}}],"line":24},"1":{"loc":{"start":{"line":42,"column":13},"end":{"line":48,"column":null}},"type":"binary-expr","locations":[{"start":{"line":42,"column":13},"end":{"line":42,"column":null}},{"start":{"line":43,"column":14},"end":{"line":48,"column":null}}],"line":42}},"s":{"0":1,"1":6,"2":6,"3":6,"4":3,"5":1,"6":1,"7":13,"8":6,"9":7},"f":{"0":6,"1":1,"2":3,"3":1,"4":13},"b":{"0":[6,7],"1":[6,6]},"meta":{"lastBranch":2,"lastFunction":5,"lastStatement":10,"seen":{"s:18:2:21:Infinity":0,"f:5:2:5:14":0,"s:6:4:6:Infinity":1,"s:7:4:7:Infinity":2,"f:10:9:10:34":1,"s:11:4:11:Infinity":3,"f:14:2:14:20":2,"s:15:4:15:Infinity":4,"f:18:2:18:22":3,"s:19:4:19:Infinity":5,"s:20:4:20:Infinity":6,"f:23:2:23:11":4,"b:24:4:70:Infinity:undefined:undefined:undefined:undefined":0,"s:24:4:70:Infinity":7,"s:25:6:68:Infinity":8,"b:42:13:42:Infinity:43:14:48:Infinity":1,"s:72:4:72:Infinity":9},"fnNames":{}}}
,"C:\\Users\\ABHI SHARMA\\OneDrive\\Desktop\\projects\\Smart-Stadiums-Tournament\\src\\components\\StadiumBackdrop.jsx": {"path":"C:\\Users\\ABHI SHARMA\\OneDrive\\Desktop\\projects\\Smart-Stadiums-Tournament\\src\\components\\StadiumBackdrop.jsx","statementMap":{"0":{"start":{"line":3,"column":20},"end":{"line":24,"column":null}},"1":{"start":{"line":27,"column":17},"end":{"line":27,"column":null}},"2":{"start":{"line":29,"column":2},"end":{"line":143,"column":null}},"3":{"start":{"line":121,"column":12},"end":{"line":139,"column":null}},"4":{"start":{"line":147,"column":13},"end":{"line":147,"column":null}}},"fnMap":{"0":{"name":"StadiumBackdropComponent","decl":{"start":{"line":26,"column":9},"end":{"line":26,"column":34}},"loc":{"start":{"line":26,"column":57},"end":{"line":145,"column":null}},"line":26},"1":{"name":"(anonymous_1)","decl":{"start":{"line":120,"column":12},"end":{"line":120,"column":17}},"loc":{"start":{"line":121,"column":12},"end":{"line":139,"column":null}},"line":121}},"branchMap":{"0":{"loc":{"start":{"line":26,"column":36},"end":{"line":26,"column":57}},"type":"default-arg","locations":[{"start":{"line":26,"column":43},"end":{"line":26,"column":57}}],"line":26},"1":{"loc":{"start":{"line":27,"column":17},"end":{"line":27,"column":null}},"type":"binary-expr","locations":[{"start":{"line":27,"column":17},"end":{"line":27,"column":38}},{"start":{"line":27,"column":38},"end":{"line":27,"column":null}}],"line":27}},"s":{"0":3,"1":23,"2":23,"3":253,"4":3},"f":{"0":23,"1":253},"b":{"0":[23],"1":[23,0]},"meta":{"lastBranch":2,"lastFunction":2,"lastStatement":5,"seen":{"s:3:20:24:Infinity":0,"f:26:9:26:34":0,"b:26:43:26:57":0,"s:27:17:27:Infinity":1,"b:27:17:27:38:27:38:27:Infinity":1,"s:29:2:143:Infinity":2,"f:120:12:120:17":1,"s:121:12:139:Infinity":3,"s:147:13:147:Infinity":4},"fnNames":{}}}
,"C:\\Users\\ABHI SHARMA\\OneDrive\\Desktop\\projects\\Smart-Stadiums-Tournament\\src\\context\\AuthContext.jsx": {"path":"C:\\Users\\ABHI SHARMA\\OneDrive\\Desktop\\projects\\Smart-Stadiums-Tournament\\src\\context\\AuthContext.jsx","statementMap":{"0":{"start":{"line":5,"column":6},"end":{"line":5,"column":null}},"1":{"start":{"line":13,"column":12},"end":{"line":14,"column":null}},"2":{"start":{"line":16,"column":15},"end":{"line":16,"column":null}},"3":{"start":{"line":17,"column":16},"end":{"line":17,"column":null}},"4":{"start":{"line":17,"column":43},"end":{"line":17,"column":75}},"5":{"start":{"line":18,"column":18},"end":{"line":18,"column":null}},"6":{"start":{"line":20,"column":26},"end":{"line":20,"column":null}},"7":{"start":{"line":23,"column":2},"end":{"line":69,"column":null}},"8":{"start":{"line":24,"column":21},"end":{"line":66,"column":null}},"9":{"start":{"line":25,"column":6},"end":{"line":25,"column":null}},"10":{"start":{"line":25,"column":24},"end":{"line":25,"column":null}},"11":{"start":{"line":27,"column":6},"end":{"line":65,"column":null}},"12":{"start":{"line":28,"column":8},"end":{"line":44,"column":null}},"13":{"start":{"line":29,"column":23},"end":{"line":36,"column":null}},"14":{"start":{"line":37,"column":10},"end":{"line":37,"column":null}},"15":{"start":{"line":38,"column":10},"end":{"line":38,"column":null}},"16":{"start":{"line":39,"column":10},"end":{"line":39,"column":null}},"17":{"start":{"line":41,"column":10},"end":{"line":41,"column":null}},"18":{"start":{"line":43,"column":10},"end":{"line":43,"column":null}},"19":{"start":{"line":46,"column":28},"end":{"line":46,"column":null}},"20":{"start":{"line":47,"column":8},"end":{"line":52,"column":null}},"21":{"start":{"line":48,"column":10},"end":{"line":48,"column":null}},"22":{"start":{"line":49,"column":10},"end":{"line":49,"column":null}},"23":{"start":{"line":50,"column":10},"end":{"line":50,"column":null}},"24":{"start":{"line":51,"column":10},"end":{"line":51,"column":null}},"25":{"start":{"line":54,"column":8},"end":{"line":64,"column":null}},"26":{"start":{"line":55,"column":23},"end":{"line":55,"column":null}},"27":{"start":{"line":56,"column":10},"end":{"line":56,"column":null}},"28":{"start":{"line":57,"column":10},"end":{"line":57,"column":null}},"29":{"start":{"line":59,"column":10},"end":{"line":59,"column":null}},"30":{"start":{"line":60,"column":10},"end":{"line":60,"column":null}},"31":{"start":{"line":61,"column":10},"end":{"line":61,"column":null}},"32":{"start":{"line":63,"column":10},"end":{"line":63,"column":null}},"33":{"start":{"line":68,"column":4},"end":{"line":68,"column":null}},"34":{"start":{"line":71,"column":8},"end":{"line":96,"column":null}},"35":{"start":{"line":72,"column":4},"end":{"line":95,"column":null}},"36":{"start":{"line":73,"column":19},"end":{"line":73,"column":null}},"37":{"start":{"line":74,"column":6},"end":{"line":74,"column":null}},"38":{"start":{"line":75,"column":6},"end":{"line":75,"column":null}},"39":{"start":{"line":76,"column":6},"end":{"line":76,"column":null}},"40":{"start":{"line":77,"column":6},"end":{"line":77,"column":null}},"41":{"start":{"line":79,"column":6},"end":{"line":93,"column":null}},"42":{"start":{"line":80,"column":8},"end":{"line":80,"column":null}},"43":{"start":{"line":81,"column":25},"end":{"line":87,"column":null}},"44":{"start":{"line":88,"column":26},"end":{"line":88,"column":null}},"45":{"start":{"line":89,"column":8},"end":{"line":89,"column":null}},"46":{"start":{"line":90,"column":8},"end":{"line":90,"column":null}},"47":{"start":{"line":91,"column":8},"end":{"line":91,"column":null}},"48":{"start":{"line":92,"column":8},"end":{"line":92,"column":null}},"49":{"start":{"line":94,"column":6},"end":{"line":94,"column":null}},"50":{"start":{"line":98,"column":8},"end":{"line":123,"column":null}},"51":{"start":{"line":99,"column":4},"end":{"line":122,"column":null}},"52":{"start":{"line":100,"column":19},"end":{"line":100,"column":null}},"53":{"start":{"line":101,"column":6},"end":{"line":101,"column":null}},"54":{"start":{"line":102,"column":6},"end":{"line":102,"column":null}},"55":{"start":{"line":103,"column":6},"end":{"line":103,"column":null}},"56":{"start":{"line":104,"column":6},"end":{"line":104,"column":null}},"57":{"start":{"line":106,"column":6},"end":{"line":120,"column":null}},"58":{"start":{"line":107,"column":8},"end":{"line":107,"column":null}},"59":{"start":{"line":108,"column":25},"end":{"line":114,"column":null}},"60":{"start":{"line":115,"column":26},"end":{"line":115,"column":null}},"61":{"start":{"line":116,"column":8},"end":{"line":116,"column":null}},"62":{"start":{"line":117,"column":8},"end":{"line":117,"column":null}},"63":{"start":{"line":118,"column":8},"end":{"line":118,"column":null}},"64":{"start":{"line":119,"column":8},"end":{"line":119,"column":null}},"65":{"start":{"line":121,"column":6},"end":{"line":121,"column":null}},"66":{"start":{"line":125,"column":8},"end":{"line":132,"column":null}},"67":{"start":{"line":126,"column":4},"end":{"line":126,"column":null}},"68":{"start":{"line":127,"column":4},"end":{"line":127,"column":null}},"69":{"start":{"line":128,"column":4},"end":{"line":128,"column":null}},"70":{"start":{"line":129,"column":4},"end":{"line":131,"column":null}},"71":{"start":{"line":130,"column":6},"end":{"line":130,"column":null}},"72":{"start":{"line":134,"column":27},"end":{"line":136,"column":null}},"73":{"start":{"line":135,"column":4},"end":{"line":135,"column":null}},"74":{"start":{"line":138,"column":24},"end":{"line":140,"column":null}},"75":{"start":{"line":139,"column":4},"end":{"line":139,"column":null}},"76":{"start":{"line":142,"column":8},"end":{"line":145,"column":null}},"77":{"start":{"line":143,"column":4},"end":{"line":143,"column":null}},"78":{"start":{"line":144,"column":4},"end":{"line":144,"column":null}},"79":{"start":{"line":147,"column":8},"end":{"line":153,"column":null}},"80":{"start":{"line":148,"column":4},"end":{"line":152,"column":null}},"81":{"start":{"line":149,"column":21},"end":{"line":149,"column":null}},"82":{"start":{"line":150,"column":6},"end":{"line":150,"column":null}},"83":{"start":{"line":151,"column":6},"end":{"line":151,"column":null}},"84":{"start":{"line":155,"column":8},"end":{"line":157,"column":null}},"85":{"start":{"line":156,"column":4},"end":{"line":156,"column":null}},"86":{"start":{"line":156,"column":20},"end":{"line":156,"column":61}},"87":{"start":{"line":159,"column":2},"end":{"line":165,"column":null}},"88":{"start":{"line":170,"column":8},"end":{"line":170,"column":null}},"89":{"start":{"line":171,"column":2},"end":{"line":173,"column":null}},"90":{"start":{"line":172,"column":4},"end":{"line":172,"column":null}},"91":{"start":{"line":174,"column":2},"end":{"line":174,"column":null}}},"fnMap":{"0":{"name":"AuthProvider","decl":{"start":{"line":7,"column":16},"end":{"line":7,"column":29}},"loc":{"start":{"line":7,"column":43},"end":{"line":167,"column":null}},"line":7},"1":{"name":"(anonymous_1)","decl":{"start":{"line":17,"column":28},"end":{"line":17,"column":43}},"loc":{"start":{"line":17,"column":43},"end":{"line":17,"column":75}},"line":17},"2":{"name":"(anonymous_2)","decl":{"start":{"line":23,"column":2},"end":{"line":23,"column":18}},"loc":{"start":{"line":23,"column":18},"end":{"line":69,"column":5}},"line":23},"3":{"name":"(anonymous_3)","decl":{"start":{"line":24,"column":21},"end":{"line":24,"column":33}},"loc":{"start":{"line":24,"column":33},"end":{"line":66,"column":null}},"line":24},"4":{"name":"(anonymous_4)","decl":{"start":{"line":71,"column":28},"end":{"line":71,"column":35}},"loc":{"start":{"line":71,"column":55},"end":{"line":96,"column":5}},"line":71},"5":{"name":"(anonymous_5)","decl":{"start":{"line":98,"column":31},"end":{"line":98,"column":38}},"loc":{"start":{"line":98,"column":70},"end":{"line":123,"column":5}},"line":98},"6":{"name":"(anonymous_6)","decl":{"start":{"line":125,"column":17},"end":{"line":125,"column":35}},"loc":{"start":{"line":125,"column":35},"end":{"line":132,"column":5}},"line":125},"7":{"name":"(anonymous_7)","decl":{"start":{"line":134,"column":50},"end":{"line":134,"column":65}},"loc":{"start":{"line":134,"column":65},"end":{"line":136,"column":3}},"line":134},"8":{"name":"(anonymous_8)","decl":{"start":{"line":138,"column":49},"end":{"line":138,"column":64}},"loc":{"start":{"line":138,"column":64},"end":{"line":140,"column":3}},"line":138},"9":{"name":"(anonymous_9)","decl":{"start":{"line":142,"column":27},"end":{"line":142,"column":40}},"loc":{"start":{"line":142,"column":47},"end":{"line":145,"column":5}},"line":142},"10":{"name":"(anonymous_10)","decl":{"start":{"line":147,"column":24},"end":{"line":147,"column":42}},"loc":{"start":{"line":147,"column":42},"end":{"line":153,"column":5}},"line":147},"11":{"name":"(anonymous_11)","decl":{"start":{"line":148,"column":4},"end":{"line":148,"column":24}},"loc":{"start":{"line":148,"column":32},"end":{"line":152,"column":5}},"line":148},"12":{"name":"(anonymous_12)","decl":{"start":{"line":155,"column":21},"end":{"line":155,"column":34}},"loc":{"start":{"line":155,"column":50},"end":{"line":157,"column":5}},"line":155},"13":{"name":"(anonymous_13)","decl":{"start":{"line":156,"column":4},"end":{"line":156,"column":12}},"loc":{"start":{"line":156,"column":20},"end":{"line":156,"column":61}},"line":156},"14":{"name":"useAuth","decl":{"start":{"line":169,"column":16},"end":{"line":169,"column":26}},"loc":{"start":{"line":169,"column":26},"end":{"line":175,"column":null}},"line":169}},"branchMap":{"0":{"loc":{"start":{"line":20,"column":26},"end":{"line":20,"column":null}},"type":"binary-expr","locations":[{"start":{"line":20,"column":26},"end":{"line":20,"column":36}},{"start":{"line":20,"column":36},"end":{"line":20,"column":null}}],"line":20},"1":{"loc":{"start":{"line":25,"column":6},"end":{"line":25,"column":null}},"type":"if","locations":[{"start":{"line":25,"column":6},"end":{"line":25,"column":null}},{"start":{},"end":{}}],"line":25},"2":{"loc":{"start":{"line":27,"column":6},"end":{"line":65,"column":null}},"type":"if","locations":[{"start":{"line":27,"column":6},"end":{"line":65,"column":null}},{"start":{"line":45,"column":13},"end":{"line":65,"column":null}}],"line":27},"3":{"loc":{"start":{"line":27,"column":10},"end":{"line":27,"column":45}},"type":"binary-expr","locations":[{"start":{"line":27,"column":10},"end":{"line":27,"column":34}},{"start":{"line":27,"column":34},"end":{"line":27,"column":45}}],"line":27},"4":{"loc":{"start":{"line":33,"column":20},"end":{"line":33,"column":null}},"type":"binary-expr","locations":[{"start":{"line":33,"column":20},"end":{"line":33,"column":38}},{"start":{"line":33,"column":38},"end":{"line":33,"column":null}}],"line":33},"5":{"loc":{"start":{"line":47,"column":8},"end":{"line":52,"column":null}},"type":"if","locations":[{"start":{"line":47,"column":8},"end":{"line":52,"column":null}},{"start":{},"end":{}}],"line":47},"6":{"loc":{"start":{"line":72,"column":4},"end":{"line":95,"column":null}},"type":"if","locations":[{"start":{"line":72,"column":4},"end":{"line":95,"column":null}},{"start":{"line":78,"column":11},"end":{"line":95,"column":null}}],"line":72},"7":{"loc":{"start":{"line":72,"column":8},"end":{"line":72,"column":27}},"type":"binary-expr","locations":[{"start":{"line":72,"column":8},"end":{"line":72,"column":17}},{"start":{"line":72,"column":17},"end":{"line":72,"column":27}}],"line":72},"8":{"loc":{"start":{"line":79,"column":6},"end":{"line":93,"column":null}},"type":"if","locations":[{"start":{"line":79,"column":6},"end":{"line":93,"column":null}},{"start":{},"end":{}}],"line":79},"9":{"loc":{"start":{"line":79,"column":10},"end":{"line":79,"column":87}},"type":"binary-expr","locations":[{"start":{"line":79,"column":10},"end":{"line":79,"column":48}},{"start":{"line":79,"column":48},"end":{"line":79,"column":87}}],"line":79},"10":{"loc":{"start":{"line":99,"column":4},"end":{"line":122,"column":null}},"type":"if","locations":[{"start":{"line":99,"column":4},"end":{"line":122,"column":null}},{"start":{"line":105,"column":11},"end":{"line":122,"column":null}}],"line":99},"11":{"loc":{"start":{"line":99,"column":8},"end":{"line":99,"column":27}},"type":"binary-expr","locations":[{"start":{"line":99,"column":8},"end":{"line":99,"column":17}},{"start":{"line":99,"column":17},"end":{"line":99,"column":27}}],"line":99},"12":{"loc":{"start":{"line":106,"column":6},"end":{"line":120,"column":null}},"type":"if","locations":[{"start":{"line":106,"column":6},"end":{"line":120,"column":null}},{"start":{},"end":{}}],"line":106},"13":{"loc":{"start":{"line":106,"column":10},"end":{"line":106,"column":87}},"type":"binary-expr","locations":[{"start":{"line":106,"column":10},"end":{"line":106,"column":48}},{"start":{"line":106,"column":48},"end":{"line":106,"column":87}}],"line":106},"14":{"loc":{"start":{"line":110,"column":16},"end":{"line":110,"column":null}},"type":"binary-expr","locations":[{"start":{"line":110,"column":16},"end":{"line":110,"column":24}},{"start":{"line":110,"column":24},"end":{"line":110,"column":null}}],"line":110},"15":{"loc":{"start":{"line":111,"column":17},"end":{"line":111,"column":null}},"type":"binary-expr","locations":[{"start":{"line":111,"column":17},"end":{"line":111,"column":26}},{"start":{"line":111,"column":26},"end":{"line":111,"column":null}}],"line":111},"16":{"loc":{"start":{"line":112,"column":16},"end":{"line":112,"column":null}},"type":"binary-expr","locations":[{"start":{"line":112,"column":16},"end":{"line":112,"column":24}},{"start":{"line":112,"column":24},"end":{"line":112,"column":null}}],"line":112},"17":{"loc":{"start":{"line":129,"column":4},"end":{"line":131,"column":null}},"type":"if","locations":[{"start":{"line":129,"column":4},"end":{"line":131,"column":null}},{"start":{},"end":{}}],"line":129},"18":{"loc":{"start":{"line":139,"column":11},"end":{"line":139,"column":null}},"type":"binary-expr","locations":[{"start":{"line":139,"column":11},"end":{"line":139,"column":57}},{"start":{"line":139,"column":57},"end":{"line":139,"column":null}}],"line":139},"19":{"loc":{"start":{"line":156,"column":20},"end":{"line":156,"column":61}},"type":"cond-expr","locations":[{"start":{"line":156,"column":27},"end":{"line":156,"column":57}},{"start":{"line":156,"column":57},"end":{"line":156,"column":61}}],"line":156},"20":{"loc":{"start":{"line":171,"column":2},"end":{"line":173,"column":null}},"type":"if","locations":[{"start":{"line":171,"column":2},"end":{"line":173,"column":null}},{"start":{},"end":{}}],"line":171}},"s":{"0":1,"1":37,"2":37,"3":37,"4":14,"5":37,"6":37,"7":37,"8":14,"9":14,"10":0,"11":14,"12":1,"13":1,"14":1,"15":1,"16":1,"17":1,"18":1,"19":13,"20":13,"21":11,"22":11,"23":11,"24":11,"25":2,"26":2,"27":1,"28":1,"29":1,"30":1,"31":1,"32":2,"33":14,"34":37,"35":5,"36":3,"37":3,"38":3,"39":3,"40":3,"41":2,"42":1,"43":1,"44":1,"45":1,"46":1,"47":1,"48":1,"49":1,"50":37,"51":3,"52":1,"53":1,"54":1,"55":1,"56":1,"57":2,"58":1,"59":1,"60":1,"61":1,"62":1,"63":1,"64":1,"65":1,"66":37,"67":2,"68":2,"69":2,"70":2,"71":1,"72":37,"73":14,"74":37,"75":14,"76":37,"77":1,"78":1,"79":37,"80":1,"81":1,"82":1,"83":1,"84":37,"85":1,"86":1,"87":37,"88":39,"89":39,"90":2,"91":37},"f":{"0":37,"1":14,"2":14,"3":14,"4":5,"5":3,"6":2,"7":14,"8":14,"9":1,"10":1,"11":1,"12":1,"13":1,"14":39},"b":{"0":[37,8],"1":[0,14],"2":[1,13],"3":[14,1],"4":[1,1],"5":[11,2],"6":[3,2],"7":[5,3],"8":[1,1],"9":[2,1],"10":[1,2],"11":[3,1],"12":[1,1],"13":[2,1],"14":[1,0],"15":[1,1],"16":[1,0],"17":[1,1],"18":[14,14],"19":[1,0],"20":[2,37]},"meta":{"lastBranch":21,"lastFunction":15,"lastStatement":92,"seen":{"s:5:6:5:Infinity":0,"f:7:16:7:29":0,"s:13:12:14:Infinity":1,"s:16:15:16:Infinity":2,"s:17:16:17:Infinity":3,"f:17:28:17:43":1,"s:17:43:17:75":4,"s:18:18:18:Infinity":5,"s:20:26:20:Infinity":6,"b:20:26:20:36:20:36:20:Infinity":0,"s:23:2:69:Infinity":7,"f:23:2:23:18":2,"s:24:21:66:Infinity":8,"f:24:21:24:33":3,"b:25:6:25:Infinity:undefined:undefined:undefined:undefined":1,"s:25:6:25:Infinity":9,"s:25:24:25:Infinity":10,"b:27:6:65:Infinity:45:13:65:Infinity":2,"s:27:6:65:Infinity":11,"b:27:10:27:34:27:34:27:45":3,"s:28:8:44:Infinity":12,"s:29:23:36:Infinity":13,"b:33:20:33:38:33:38:33:Infinity":4,"s:37:10:37:Infinity":14,"s:38:10:38:Infinity":15,"s:39:10:39:Infinity":16,"s:41:10:41:Infinity":17,"s:43:10:43:Infinity":18,"s:46:28:46:Infinity":19,"b:47:8:52:Infinity:undefined:undefined:undefined:undefined":5,"s:47:8:52:Infinity":20,"s:48:10:48:Infinity":21,"s:49:10:49:Infinity":22,"s:50:10:50:Infinity":23,"s:51:10:51:Infinity":24,"s:54:8:64:Infinity":25,"s:55:23:55:Infinity":26,"s:56:10:56:Infinity":27,"s:57:10:57:Infinity":28,"s:59:10:59:Infinity":29,"s:60:10:60:Infinity":30,"s:61:10:61:Infinity":31,"s:63:10:63:Infinity":32,"s:68:4:68:Infinity":33,"s:71:8:96:Infinity":34,"f:71:28:71:35":4,"b:72:4:95:Infinity:78:11:95:Infinity":6,"s:72:4:95:Infinity":35,"b:72:8:72:17:72:17:72:27":7,"s:73:19:73:Infinity":36,"s:74:6:74:Infinity":37,"s:75:6:75:Infinity":38,"s:76:6:76:Infinity":39,"s:77:6:77:Infinity":40,"b:79:6:93:Infinity:undefined:undefined:undefined:undefined":8,"s:79:6:93:Infinity":41,"b:79:10:79:48:79:48:79:87":9,"s:80:8:80:Infinity":42,"s:81:25:87:Infinity":43,"s:88:26:88:Infinity":44,"s:89:8:89:Infinity":45,"s:90:8:90:Infinity":46,"s:91:8:91:Infinity":47,"s:92:8:92:Infinity":48,"s:94:6:94:Infinity":49,"s:98:8:123:Infinity":50,"f:98:31:98:38":5,"b:99:4:122:Infinity:105:11:122:Infinity":10,"s:99:4:122:Infinity":51,"b:99:8:99:17:99:17:99:27":11,"s:100:19:100:Infinity":52,"s:101:6:101:Infinity":53,"s:102:6:102:Infinity":54,"s:103:6:103:Infinity":55,"s:104:6:104:Infinity":56,"b:106:6:120:Infinity:undefined:undefined:undefined:undefined":12,"s:106:6:120:Infinity":57,"b:106:10:106:48:106:48:106:87":13,"s:107:8:107:Infinity":58,"s:108:25:114:Infinity":59,"b:110:16:110:24:110:24:110:Infinity":14,"b:111:17:111:26:111:26:111:Infinity":15,"b:112:16:112:24:112:24:112:Infinity":16,"s:115:26:115:Infinity":60,"s:116:8:116:Infinity":61,"s:117:8:117:Infinity":62,"s:118:8:118:Infinity":63,"s:119:8:119:Infinity":64,"s:121:6:121:Infinity":65,"s:125:8:132:Infinity":66,"f:125:17:125:35":6,"s:126:4:126:Infinity":67,"s:127:4:127:Infinity":68,"s:128:4:128:Infinity":69,"b:129:4:131:Infinity:undefined:undefined:undefined:undefined":17,"s:129:4:131:Infinity":70,"s:130:6:130:Infinity":71,"s:134:27:136:Infinity":72,"f:134:50:134:65":7,"s:135:4:135:Infinity":73,"s:138:24:140:Infinity":74,"f:138:49:138:64":8,"s:139:4:139:Infinity":75,"b:139:11:139:57:139:57:139:Infinity":18,"s:142:8:145:Infinity":76,"f:142:27:142:40":9,"s:143:4:143:Infinity":77,"s:144:4:144:Infinity":78,"s:147:8:153:Infinity":79,"f:147:24:147:42":10,"s:148:4:152:Infinity":80,"f:148:4:148:24":11,"s:149:21:149:Infinity":81,"s:150:6:150:Infinity":82,"s:151:6:151:Infinity":83,"s:155:8:157:Infinity":84,"f:155:21:155:34":12,"s:156:4:156:Infinity":85,"f:156:4:156:12":13,"s:156:20:156:61":86,"b:156:27:156:57:156:57:156:61":19,"s:159:2:165:Infinity":87,"f:169:16:169:26":14,"s:170:8:170:Infinity":88,"b:171:2:173:Infinity:undefined:undefined:undefined:undefined":20,"s:171:2:173:Infinity":89,"s:172:4:172:Infinity":90,"s:174:2:174:Infinity":91},"fnNames":{}}}
,"C:\\Users\\ABHI SHARMA\\OneDrive\\Desktop\\projects\\Smart-Stadiums-Tournament\\src\\pages\\Login.jsx": {"path":"C:\\Users\\ABHI SHARMA\\OneDrive\\Desktop\\projects\\Smart-Stadiums-Tournament\\src\\pages\\Login.jsx","statementMap":{"0":{"start":{"line":8,"column":19},"end":{"line":41,"column":null}},"1":{"start":{"line":43,"column":22},"end":{"line":48,"column":null}},"2":{"start":{"line":51,"column":16},"end":{"line":51,"column":null}},"3":{"start":{"line":52,"column":19},"end":{"line":52,"column":null}},"4":{"start":{"line":53,"column":23},"end":{"line":53,"column":null}},"5":{"start":{"line":54,"column":16},"end":{"line":54,"column":null}},"6":{"start":{"line":55,"column":20},"end":{"line":55,"column":null}},"7":{"start":{"line":56,"column":15},"end":{"line":56,"column":null}},"8":{"start":{"line":57,"column":10},"end":{"line":57,"column":null}},"9":{"start":{"line":58,"column":8},"end":{"line":58,"column":null}},"10":{"start":{"line":60,"column":16},"end":{"line":60,"column":null}},"11":{"start":{"line":62,"column":8},"end":{"line":75,"column":null}},"12":{"start":{"line":63,"column":16},"end":{"line":63,"column":null}},"13":{"start":{"line":64,"column":4},"end":{"line":64,"column":null}},"14":{"start":{"line":65,"column":21},"end":{"line":65,"column":null}},"15":{"start":{"line":66,"column":4},"end":{"line":74,"column":null}},"16":{"start":{"line":67,"column":6},"end":{"line":67,"column":null}},"17":{"start":{"line":68,"column":11},"end":{"line":74,"column":null}},"18":{"start":{"line":69,"column":6},"end":{"line":69,"column":null}},"19":{"start":{"line":70,"column":11},"end":{"line":74,"column":null}},"20":{"start":{"line":71,"column":6},"end":{"line":71,"column":null}},"21":{"start":{"line":72,"column":11},"end":{"line":74,"column":null}},"22":{"start":{"line":73,"column":6},"end":{"line":73,"column":null}},"23":{"start":{"line":77,"column":23},"end":{"line":90,"column":null}},"24":{"start":{"line":78,"column":4},"end":{"line":78,"column":null}},"25":{"start":{"line":79,"column":4},"end":{"line":79,"column":null}},"26":{"start":{"line":80,"column":4},"end":{"line":80,"column":null}},"27":{"start":{"line":82,"column":4},"end":{"line":89,"column":null}},"28":{"start":{"line":83,"column":6},"end":{"line":83,"column":null}},"29":{"start":{"line":84,"column":6},"end":{"line":84,"column":null}},"30":{"start":{"line":86,"column":6},"end":{"line":86,"column":null}},"31":{"start":{"line":88,"column":6},"end":{"line":88,"column":null}},"32":{"start":{"line":92,"column":2},"end":{"line":261,"column":null}},"33":{"start":{"line":133,"column":31},"end":{"line":138,"column":null}},"34":{"start":{"line":139,"column":16},"end":{"line":148,"column":null}},"35":{"start":{"line":144,"column":35},"end":{"line":144,"column":null}},"36":{"start":{"line":156,"column":27},"end":{"line":156,"column":null}},"37":{"start":{"line":208,"column":35},"end":{"line":208,"column":null}},"38":{"start":{"line":218,"column":33},"end":{"line":218,"column":null}}},"fnMap":{"0":{"name":"Login","decl":{"start":{"line":50,"column":24},"end":{"line":50,"column":32}},"loc":{"start":{"line":50,"column":32},"end":{"line":263,"column":null}},"line":50},"1":{"name":"(anonymous_1)","decl":{"start":{"line":62,"column":8},"end":{"line":62,"column":29}},"loc":{"start":{"line":62,"column":35},"end":{"line":75,"column":null}},"line":62},"2":{"name":"(anonymous_2)","decl":{"start":{"line":77,"column":23},"end":{"line":77,"column":30}},"loc":{"start":{"line":77,"column":36},"end":{"line":90,"column":null}},"line":77},"3":{"name":"(anonymous_3)","decl":{"start":{"line":132,"column":60},"end":{"line":132,"column":65}},"loc":{"start":{"line":132,"column":71},"end":{"line":150,"column":15}},"line":132},"4":{"name":"(anonymous_4)","decl":{"start":{"line":144,"column":20},"end":{"line":144,"column":35}},"loc":{"start":{"line":144,"column":35},"end":{"line":144,"column":null}},"line":144},"5":{"name":"(anonymous_5)","decl":{"start":{"line":156,"column":12},"end":{"line":156,"column":27}},"loc":{"start":{"line":156,"column":27},"end":{"line":156,"column":null}},"line":156},"6":{"name":"(anonymous_6)","decl":{"start":{"line":208,"column":18},"end":{"line":208,"column":29}},"loc":{"start":{"line":208,"column":35},"end":{"line":208,"column":null}},"line":208},"7":{"name":"(anonymous_7)","decl":{"start":{"line":218,"column":18},"end":{"line":218,"column":33}},"loc":{"start":{"line":218,"column":33},"end":{"line":218,"column":null}},"line":218}},"branchMap":{"0":{"loc":{"start":{"line":60,"column":16},"end":{"line":60,"column":null}},"type":"binary-expr","locations":[{"start":{"line":60,"column":16},"end":{"line":60,"column":36}},{"start":{"line":60,"column":36},"end":{"line":60,"column":null}}],"line":60},"1":{"loc":{"start":{"line":66,"column":4},"end":{"line":74,"column":null}},"type":"if","locations":[{"start":{"line":66,"column":4},"end":{"line":74,"column":null}},{"start":{"line":68,"column":11},"end":{"line":74,"column":null}}],"line":66},"2":{"loc":{"start":{"line":68,"column":11},"end":{"line":74,"column":null}},"type":"if","locations":[{"start":{"line":68,"column":11},"end":{"line":74,"column":null}},{"start":{"line":70,"column":11},"end":{"line":74,"column":null}}],"line":68},"3":{"loc":{"start":{"line":68,"column":15},"end":{"line":68,"column":76}},"type":"binary-expr","locations":[{"start":{"line":68,"column":15},"end":{"line":68,"column":48}},{"start":{"line":68,"column":48},"end":{"line":68,"column":76}}],"line":68},"4":{"loc":{"start":{"line":70,"column":11},"end":{"line":74,"column":null}},"type":"if","locations":[{"start":{"line":70,"column":11},"end":{"line":74,"column":null}},{"start":{"line":72,"column":11},"end":{"line":74,"column":null}}],"line":70},"5":{"loc":{"start":{"line":70,"column":15},"end":{"line":70,"column":78}},"type":"binary-expr","locations":[{"start":{"line":70,"column":15},"end":{"line":70,"column":47}},{"start":{"line":70,"column":47},"end":{"line":70,"column":78}}],"line":70},"6":{"loc":{"start":{"line":72,"column":11},"end":{"line":74,"column":null}},"type":"if","locations":[{"start":{"line":72,"column":11},"end":{"line":74,"column":null}},{"start":{},"end":{}}],"line":72},"7":{"loc":{"start":{"line":72,"column":15},"end":{"line":72,"column":76}},"type":"binary-expr","locations":[{"start":{"line":72,"column":15},"end":{"line":72,"column":48}},{"start":{"line":72,"column":48},"end":{"line":72,"column":76}}],"line":72},"8":{"loc":{"start":{"line":86,"column":15},"end":{"line":86,"column":63}},"type":"binary-expr","locations":[{"start":{"line":86,"column":15},"end":{"line":86,"column":30}},{"start":{"line":86,"column":30},"end":{"line":86,"column":63}}],"line":86},"9":{"loc":{"start":{"line":98,"column":190},"end":{"line":98,"column":240}},"type":"binary-expr","locations":[{"start":{"line":98,"column":190},"end":{"line":98,"column":213}},{"start":{"line":98,"column":213},"end":{"line":98,"column":240}}],"line":98},"10":{"loc":{"start":{"line":146,"column":22},"end":{"line":146,"column":null}},"type":"cond-expr","locations":[{"start":{"line":146,"column":35},"end":{"line":146,"column":67}},{"start":{"line":146,"column":67},"end":{"line":146,"column":null}}],"line":146},"11":{"loc":{"start":{"line":170,"column":11},"end":{"line":178,"column":null}},"type":"binary-expr","locations":[{"start":{"line":170,"column":11},"end":{"line":170,"column":null}},{"start":{"line":171,"column":12},"end":{"line":178,"column":null}}],"line":170},"12":{"loc":{"start":{"line":195,"column":22},"end":{"line":195,"column":null}},"type":"cond-expr","locations":[{"start":{"line":195,"column":41},"end":{"line":195,"column":70}},{"start":{"line":195,"column":70},"end":{"line":195,"column":null}}],"line":195},"13":{"loc":{"start":{"line":195,"column":70},"end":{"line":195,"column":null}},"type":"cond-expr","locations":[{"start":{"line":195,"column":91},"end":{"line":195,"column":122}},{"start":{"line":195,"column":122},"end":{"line":195,"column":null}}],"line":195},"14":{"loc":{"start":{"line":195,"column":122},"end":{"line":195,"column":null}},"type":"cond-expr","locations":[{"start":{"line":195,"column":144},"end":{"line":195,"column":174}},{"start":{"line":195,"column":174},"end":{"line":195,"column":null}}],"line":195},"15":{"loc":{"start":{"line":206,"column":24},"end":{"line":206,"column":null}},"type":"cond-expr","locations":[{"start":{"line":206,"column":39},"end":{"line":206,"column":48}},{"start":{"line":206,"column":48},"end":{"line":206,"column":null}}],"line":206},"16":{"loc":{"start":{"line":214,"column":22},"end":{"line":214,"column":null}},"type":"cond-expr","locations":[{"start":{"line":214,"column":41},"end":{"line":214,"column":70}},{"start":{"line":214,"column":70},"end":{"line":214,"column":null}}],"line":214},"17":{"loc":{"start":{"line":214,"column":70},"end":{"line":214,"column":null}},"type":"cond-expr","locations":[{"start":{"line":214,"column":91},"end":{"line":214,"column":122}},{"start":{"line":214,"column":122},"end":{"line":214,"column":null}}],"line":214},"18":{"loc":{"start":{"line":214,"column":122},"end":{"line":214,"column":null}},"type":"cond-expr","locations":[{"start":{"line":214,"column":144},"end":{"line":214,"column":174}},{"start":{"line":214,"column":174},"end":{"line":214,"column":null}}],"line":214},"19":{"loc":{"start":{"line":219,"column":30},"end":{"line":219,"column":null}},"type":"cond-expr","locations":[{"start":{"line":219,"column":45},"end":{"line":219,"column":63}},{"start":{"line":219,"column":63},"end":{"line":219,"column":null}}],"line":219},"20":{"loc":{"start":{"line":222,"column":19},"end":{"line":222,"column":null}},"type":"cond-expr","locations":[{"start":{"line":222,"column":34},"end":{"line":222,"column":68}},{"start":{"line":222,"column":67},"end":{"line":222,"column":null}}],"line":222},"21":{"loc":{"start":{"line":234,"column":15},"end":{"line":240,"column":null}},"type":"cond-expr","locations":[{"start":{"line":235,"column":16},"end":{"line":237,"column":18}},{"start":{"line":237,"column":16},"end":{"line":240,"column":null}}],"line":234}},"s":{"0":2,"1":2,"2":24,"3":24,"4":24,"5":24,"6":24,"7":24,"8":24,"9":24,"10":24,"11":24,"12":6,"13":6,"14":6,"15":6,"16":1,"17":5,"18":1,"19":4,"20":1,"21":3,"22":2,"23":24,"24":2,"25":2,"26":2,"27":2,"28":2,"29":1,"30":1,"31":2,"32":24,"33":96,"34":96,"35":2,"36":1,"37":2,"38":2},"f":{"0":24,"1":6,"2":2,"3":96,"4":2,"5":1,"6":2,"7":2},"b":{"0":[24,0],"1":[1,5],"2":[1,4],"3":[5,4],"4":[1,3],"5":[4,3],"6":[2,1],"7":[3,1],"8":[1,0],"9":[24,0],"10":[24,72],"11":[24,1],"12":[2,22],"13":[1,21],"14":[2,19],"15":[1,23],"16":[2,22],"17":[1,21],"18":[2,19],"19":[1,23],"20":[1,23],"21":[2,22]},"meta":{"lastBranch":22,"lastFunction":8,"lastStatement":39,"seen":{"s:8:19:41:Infinity":0,"s:43:22:48:Infinity":1,"f:50:24:50:32":0,"s:51:16:51:Infinity":2,"s:52:19:52:Infinity":3,"s:53:23:53:Infinity":4,"s:54:16:54:Infinity":5,"s:55:20:55:Infinity":6,"s:56:15:56:Infinity":7,"s:57:10:57:Infinity":8,"s:58:8:58:Infinity":9,"s:60:16:60:Infinity":10,"b:60:16:60:36:60:36:60:Infinity":0,"s:62:8:75:Infinity":11,"f:62:8:62:29":1,"s:63:16:63:Infinity":12,"s:64:4:64:Infinity":13,"s:65:21:65:Infinity":14,"b:66:4:74:Infinity:68:11:74:Infinity":1,"s:66:4:74:Infinity":15,"s:67:6:67:Infinity":16,"b:68:11:74:Infinity:70:11:74:Infinity":2,"s:68:11:74:Infinity":17,"b:68:15:68:48:68:48:68:76":3,"s:69:6:69:Infinity":18,"b:70:11:74:Infinity:72:11:74:Infinity":4,"s:70:11:74:Infinity":19,"b:70:15:70:47:70:47:70:78":5,"s:71:6:71:Infinity":20,"b:72:11:74:Infinity:undefined:undefined:undefined:undefined":6,"s:72:11:74:Infinity":21,"b:72:15:72:48:72:48:72:76":7,"s:73:6:73:Infinity":22,"s:77:23:90:Infinity":23,"f:77:23:77:30":2,"s:78:4:78:Infinity":24,"s:79:4:79:Infinity":25,"s:80:4:80:Infinity":26,"s:82:4:89:Infinity":27,"s:83:6:83:Infinity":28,"s:84:6:84:Infinity":29,"s:86:6:86:Infinity":30,"b:86:15:86:30:86:30:86:63":8,"s:88:6:88:Infinity":31,"s:92:2:261:Infinity":32,"b:98:190:98:213:98:213:98:240":9,"f:132:60:132:65":3,"s:133:31:138:Infinity":33,"s:139:16:148:Infinity":34,"f:144:20:144:35":4,"s:144:35:144:Infinity":35,"b:146:35:146:67:146:67:146:Infinity":10,"f:156:12:156:27":5,"s:156:27:156:Infinity":36,"b:170:11:170:Infinity:171:12:178:Infinity":11,"b:195:41:195:70:195:70:195:Infinity":12,"b:195:91:195:122:195:122:195:Infinity":13,"b:195:144:195:174:195:174:195:Infinity":14,"b:206:39:206:48:206:48:206:Infinity":15,"f:208:18:208:29":6,"s:208:35:208:Infinity":37,"b:214:41:214:70:214:70:214:Infinity":16,"b:214:91:214:122:214:122:214:Infinity":17,"b:214:144:214:174:214:174:214:Infinity":18,"f:218:18:218:33":7,"s:218:33:218:Infinity":38,"b:219:45:219:63:219:63:219:Infinity":19,"b:222:34:222:68:222:67:222:Infinity":20,"b:235:16:237:18:237:16:240:Infinity":21},"fnNames":{}}}
,"C:\\Users\\ABHI SHARMA\\OneDrive\\Desktop\\projects\\Smart-Stadiums-Tournament\\src\\pages\\Register.jsx": {"path":"C:\\Users\\ABHI SHARMA\\OneDrive\\Desktop\\projects\\Smart-Stadiums-Tournament\\src\\pages\\Register.jsx","statementMap":{"0":{"start":{"line":8,"column":14},"end":{"line":13,"column":null}},"1":{"start":{"line":15,"column":19},"end":{"line":40,"column":null}},"2":{"start":{"line":42,"column":24},"end":{"line":47,"column":null}},"3":{"start":{"line":49,"column":22},"end":{"line":54,"column":null}},"4":{"start":{"line":57,"column":15},"end":{"line":57,"column":null}},"5":{"start":{"line":58,"column":16},"end":{"line":58,"column":null}},"6":{"start":{"line":59,"column":19},"end":{"line":59,"column":null}},"7":{"start":{"line":60,"column":15},"end":{"line":60,"column":null}},"8":{"start":{"line":61,"column":23},"end":{"line":61,"column":null}},"9":{"start":{"line":62,"column":16},"end":{"line":62,"column":null}},"10":{"start":{"line":63,"column":20},"end":{"line":63,"column":null}},"11":{"start":{"line":64,"column":10},"end":{"line":64,"column":null}},"12":{"start":{"line":65,"column":8},"end":{"line":65,"column":null}},"13":{"start":{"line":67,"column":16},"end":{"line":67,"column":null}},"14":{"start":{"line":69,"column":23},"end":{"line":82,"column":null}},"15":{"start":{"line":70,"column":4},"end":{"line":70,"column":null}},"16":{"start":{"line":71,"column":4},"end":{"line":71,"column":null}},"17":{"start":{"line":72,"column":4},"end":{"line":72,"column":null}},"18":{"start":{"line":74,"column":4},"end":{"line":81,"column":null}},"19":{"start":{"line":75,"column":6},"end":{"line":75,"column":null}},"20":{"start":{"line":76,"column":6},"end":{"line":76,"column":null}},"21":{"start":{"line":78,"column":6},"end":{"line":78,"column":null}},"22":{"start":{"line":80,"column":6},"end":{"line":80,"column":null}},"23":{"start":{"line":84,"column":2},"end":{"line":271,"column":null}},"24":{"start":{"line":123,"column":27},"end":{"line":123,"column":null}},"25":{"start":{"line":157,"column":35},"end":{"line":157,"column":null}},"26":{"start":{"line":175,"column":35},"end":{"line":175,"column":null}},"27":{"start":{"line":193,"column":35},"end":{"line":193,"column":null}},"28":{"start":{"line":203,"column":33},"end":{"line":203,"column":null}},"29":{"start":{"line":220,"column":18},"end":{"line":232,"column":null}},"30":{"start":{"line":223,"column":35},"end":{"line":223,"column":null}}},"fnMap":{"0":{"name":"Register","decl":{"start":{"line":56,"column":24},"end":{"line":56,"column":35}},"loc":{"start":{"line":56,"column":35},"end":{"line":273,"column":null}},"line":56},"1":{"name":"(anonymous_1)","decl":{"start":{"line":69,"column":23},"end":{"line":69,"column":30}},"loc":{"start":{"line":69,"column":36},"end":{"line":82,"column":null}},"line":69},"2":{"name":"(anonymous_2)","decl":{"start":{"line":123,"column":12},"end":{"line":123,"column":27}},"loc":{"start":{"line":123,"column":27},"end":{"line":123,"column":null}},"line":123},"3":{"name":"(anonymous_3)","decl":{"start":{"line":157,"column":18},"end":{"line":157,"column":29}},"loc":{"start":{"line":157,"column":35},"end":{"line":157,"column":null}},"line":157},"4":{"name":"(anonymous_4)","decl":{"start":{"line":175,"column":18},"end":{"line":175,"column":29}},"loc":{"start":{"line":175,"column":35},"end":{"line":175,"column":null}},"line":175},"5":{"name":"(anonymous_5)","decl":{"start":{"line":193,"column":18},"end":{"line":193,"column":29}},"loc":{"start":{"line":193,"column":35},"end":{"line":193,"column":null}},"line":193},"6":{"name":"(anonymous_6)","decl":{"start":{"line":203,"column":18},"end":{"line":203,"column":33}},"loc":{"start":{"line":203,"column":33},"end":{"line":203,"column":null}},"line":203},"7":{"name":"(anonymous_7)","decl":{"start":{"line":219,"column":23},"end":{"line":219,"column":28}},"loc":{"start":{"line":220,"column":18},"end":{"line":232,"column":null}},"line":220},"8":{"name":"(anonymous_8)","decl":{"start":{"line":223,"column":20},"end":{"line":223,"column":35}},"loc":{"start":{"line":223,"column":35},"end":{"line":223,"column":null}},"line":223}},"branchMap":{"0":{"loc":{"start":{"line":67,"column":16},"end":{"line":67,"column":null}},"type":"binary-expr","locations":[{"start":{"line":67,"column":16},"end":{"line":67,"column":36}},{"start":{"line":67,"column":36},"end":{"line":67,"column":null}}],"line":67},"1":{"loc":{"start":{"line":78,"column":15},"end":{"line":78,"column":70}},"type":"binary-expr","locations":[{"start":{"line":78,"column":15},"end":{"line":78,"column":30}},{"start":{"line":78,"column":30},"end":{"line":78,"column":70}}],"line":78},"2":{"loc":{"start":{"line":90,"column":190},"end":{"line":90,"column":240}},"type":"binary-expr","locations":[{"start":{"line":90,"column":190},"end":{"line":90,"column":213}},{"start":{"line":90,"column":213},"end":{"line":90,"column":240}}],"line":90},"3":{"loc":{"start":{"line":137,"column":11},"end":{"line":145,"column":null}},"type":"binary-expr","locations":[{"start":{"line":137,"column":11},"end":{"line":137,"column":null}},{"start":{"line":138,"column":12},"end":{"line":145,"column":null}}],"line":137},"4":{"loc":{"start":{"line":191,"column":24},"end":{"line":191,"column":null}},"type":"cond-expr","locations":[{"start":{"line":191,"column":39},"end":{"line":191,"column":48}},{"start":{"line":191,"column":48},"end":{"line":191,"column":null}}],"line":191},"5":{"loc":{"start":{"line":204,"column":30},"end":{"line":204,"column":null}},"type":"cond-expr","locations":[{"start":{"line":204,"column":45},"end":{"line":204,"column":63}},{"start":{"line":204,"column":63},"end":{"line":204,"column":null}}],"line":204},"6":{"loc":{"start":{"line":207,"column":19},"end":{"line":207,"column":null}},"type":"cond-expr","locations":[{"start":{"line":207,"column":34},"end":{"line":207,"column":68}},{"start":{"line":207,"column":67},"end":{"line":207,"column":null}}],"line":207},"7":{"loc":{"start":{"line":225,"column":24},"end":{"line":227,"column":null}},"type":"cond-expr","locations":[{"start":{"line":226,"column":26},"end":{"line":226,"column":null}},{"start":{"line":227,"column":26},"end":{"line":227,"column":null}}],"line":225},"8":{"loc":{"start":{"line":244,"column":15},"end":{"line":250,"column":null}},"type":"cond-expr","locations":[{"start":{"line":245,"column":16},"end":{"line":247,"column":18}},{"start":{"line":247,"column":16},"end":{"line":250,"column":null}}],"line":244}},"s":{"0":2,"1":2,"2":2,"3":2,"4":21,"5":21,"6":21,"7":21,"8":21,"9":21,"10":21,"11":21,"12":21,"13":21,"14":21,"15":2,"16":2,"17":2,"18":2,"19":2,"20":1,"21":1,"22":2,"23":21,"24":1,"25":2,"26":2,"27":2,"28":2,"29":84,"30":2},"f":{"0":21,"1":2,"2":1,"3":2,"4":2,"5":2,"6":2,"7":84,"8":2},"b":{"0":[21,0],"1":[1,0],"2":[21,0],"3":[21,1],"4":[1,20],"5":[1,20],"6":[1,20],"7":[21,63],"8":[2,19]},"meta":{"lastBranch":9,"lastFunction":9,"lastStatement":31,"seen":{"s:8:14:13:Infinity":0,"s:15:19:40:Infinity":1,"s:42:24:47:Infinity":2,"s:49:22:54:Infinity":3,"f:56:24:56:35":0,"s:57:15:57:Infinity":4,"s:58:16:58:Infinity":5,"s:59:19:59:Infinity":6,"s:60:15:60:Infinity":7,"s:61:23:61:Infinity":8,"s:62:16:62:Infinity":9,"s:63:20:63:Infinity":10,"s:64:10:64:Infinity":11,"s:65:8:65:Infinity":12,"s:67:16:67:Infinity":13,"b:67:16:67:36:67:36:67:Infinity":0,"s:69:23:82:Infinity":14,"f:69:23:69:30":1,"s:70:4:70:Infinity":15,"s:71:4:71:Infinity":16,"s:72:4:72:Infinity":17,"s:74:4:81:Infinity":18,"s:75:6:75:Infinity":19,"s:76:6:76:Infinity":20,"s:78:6:78:Infinity":21,"b:78:15:78:30:78:30:78:70":1,"s:80:6:80:Infinity":22,"s:84:2:271:Infinity":23,"b:90:190:90:213:90:213:90:240":2,"f:123:12:123:27":2,"s:123:27:123:Infinity":24,"b:137:11:137:Infinity:138:12:145:Infinity":3,"f:157:18:157:29":3,"s:157:35:157:Infinity":25,"f:175:18:175:29":4,"s:175:35:175:Infinity":26,"b:191:39:191:48:191:48:191:Infinity":4,"f:193:18:193:29":5,"s:193:35:193:Infinity":27,"f:203:18:203:33":6,"s:203:33:203:Infinity":28,"b:204:45:204:63:204:63:204:Infinity":5,"b:207:34:207:68:207:67:207:Infinity":6,"f:219:23:219:28":7,"s:220:18:232:Infinity":29,"f:223:20:223:35":8,"s:223:35:223:Infinity":30,"b:226:26:226:Infinity:227:26:227:Infinity":7,"b:245:16:247:18:247:16:250:Infinity":8},"fnNames":{}}}
}
